<?xml version="1.0" encoding="UTF-8" ?>
<testsuite tests="4" failures="0" name="testRunner.TestRunner" time="0.986" errors="0" skipped="0">
  <properties>
[...]
</properties>
  <testcase classname="Scenario: Title" name="Given I launch the browser" time="0.002"/>
  <testcase classname="Scenario: Title" name="When I navigate to Google Home page" time="0"/>
  <testcase classname="Scenario: Title" name="Then I enter search text" time="0"/>
  <testcase classname="Scenario: Title" name="Scenario: Title" time="0.984"/>
</testsuite>